  CApplication.cpp
  CBullet.cpp
C:\Users\mm1022\Desktop\bit\10Mouri\3DLv1_vs2019_00\GameProgramming\src\CBullet.cpp(54,16): error C2039: 'CharacterManager': 'CApplication' のメンバーではありません
C:\Users\mm1022\Desktop\bit\10Mouri\3DLv1_vs2019_00\GameProgramming\src\CApplication.h(19): message : 'CApplication' の宣言を確認してください
C:\Users\mm1022\Desktop\bit\10Mouri\3DLv1_vs2019_00\GameProgramming\src\CBullet.cpp(54,32): error C3861: 'CharacterManager': 識別子が見つかりませんでした
  CEnemy.cpp
C:\Users\mm1022\Desktop\bit\10Mouri\3DLv1_vs2019_00\GameProgramming\src\CEnemy.cpp(37,16): error C2039: 'CharacterManager': 'CApplication' のメンバーではありません
C:\Users\mm1022\Desktop\bit\10Mouri\3DLv1_vs2019_00\GameProgramming\src\CApplication.h(19): message : 'CApplication' の宣言を確認してください
C:\Users\mm1022\Desktop\bit\10Mouri\3DLv1_vs2019_00\GameProgramming\src\CEnemy.cpp(37,32): error C3861: 'CharacterManager': 識別子が見つかりませんでした
  CEnemy2.cpp
C:\Users\mm1022\Desktop\bit\10Mouri\3DLv1_vs2019_00\GameProgramming\src\CEnemy2.cpp(25,16): error C2039: 'CharacterManager': 'CApplication' のメンバーではありません
C:\Users\mm1022\Desktop\bit\10Mouri\3DLv1_vs2019_00\GameProgramming\src\CApplication.h(19): message : 'CApplication' の宣言を確認してください
C:\Users\mm1022\Desktop\bit\10Mouri\3DLv1_vs2019_00\GameProgramming\src\CEnemy2.cpp(25,32): error C3861: 'CharacterManager': 識別子が見つかりませんでした
  CGame.cpp
C:\Users\mm1022\Desktop\bit\10Mouri\3DLv1_vs2019_00\GameProgramming\src\CGame.cpp(14,16): error C2039: 'CharacterManager': 'CApplication' のメンバーではありません
C:\Users\mm1022\Desktop\bit\10Mouri\3DLv1_vs2019_00\GameProgramming\src\CApplication.h(19): message : 'CApplication' の宣言を確認してください
C:\Users\mm1022\Desktop\bit\10Mouri\3DLv1_vs2019_00\GameProgramming\src\CGame.cpp(14,32): error C3861: 'CharacterManager': 識別子が見つかりませんでした
C:\Users\mm1022\Desktop\bit\10Mouri\3DLv1_vs2019_00\GameProgramming\src\CGame.cpp(32,16): error C2039: 'CharacterManager': 'CApplication' のメンバーではありません
C:\Users\mm1022\Desktop\bit\10Mouri\3DLv1_vs2019_00\GameProgramming\src\CApplication.h(19): message : 'CApplication' の宣言を確認してください
C:\Users\mm1022\Desktop\bit\10Mouri\3DLv1_vs2019_00\GameProgramming\src\CGame.cpp(32,32): error C3861: 'CharacterManager': 識別子が見つかりませんでした
C:\Users\mm1022\Desktop\bit\10Mouri\3DLv1_vs2019_00\GameProgramming\src\CGame.cpp(44,16): error C2039: 'CharacterManager': 'CApplication' のメンバーではありません
C:\Users\mm1022\Desktop\bit\10Mouri\3DLv1_vs2019_00\GameProgramming\src\CApplication.h(19): message : 'CApplication' の宣言を確認してください
C:\Users\mm1022\Desktop\bit\10Mouri\3DLv1_vs2019_00\GameProgramming\src\CGame.cpp(44,32): error C3861: 'CharacterManager': 識別子が見つかりませんでした
C:\Users\mm1022\Desktop\bit\10Mouri\3DLv1_vs2019_00\GameProgramming\src\CGame.cpp(62,16): error C2039: 'CharacterManager': 'CApplication' のメンバーではありません
C:\Users\mm1022\Desktop\bit\10Mouri\3DLv1_vs2019_00\GameProgramming\src\CApplication.h(19): message : 'CApplication' の宣言を確認してください
C:\Users\mm1022\Desktop\bit\10Mouri\3DLv1_vs2019_00\GameProgramming\src\CGame.cpp(62,32): error C3861: 'CharacterManager': 識別子が見つかりませんでした
C:\Users\mm1022\Desktop\bit\10Mouri\3DLv1_vs2019_00\GameProgramming\src\CGame.cpp(116,19): error C2039: 'CharacterManager': 'CApplication' のメンバーではありません
C:\Users\mm1022\Desktop\bit\10Mouri\3DLv1_vs2019_00\GameProgramming\src\CApplication.h(19): message : 'CApplication' の宣言を確認してください
C:\Users\mm1022\Desktop\bit\10Mouri\3DLv1_vs2019_00\GameProgramming\src\CGame.cpp(116,35): error C3861: 'CharacterManager': 識別子が見つかりませんでした
C:\Users\mm1022\Desktop\bit\10Mouri\3DLv1_vs2019_00\GameProgramming\src\CGame.cpp(128,19): error C2039: 'CharacterManager': 'CApplication' のメンバーではありません
C:\Users\mm1022\Desktop\bit\10Mouri\3DLv1_vs2019_00\GameProgramming\src\CApplication.h(19): message : 'CApplication' の宣言を確認してください
C:\Users\mm1022\Desktop\bit\10Mouri\3DLv1_vs2019_00\GameProgramming\src\CGame.cpp(128,35): error C3861: 'CharacterManager': 識別子が見つかりませんでした
C:\Users\mm1022\Desktop\bit\10Mouri\3DLv1_vs2019_00\GameProgramming\src\CGame.cpp(137,19): error C2039: 'CharacterManager': 'CApplication' のメンバーではありません
C:\Users\mm1022\Desktop\bit\10Mouri\3DLv1_vs2019_00\GameProgramming\src\CApplication.h(19): message : 'CApplication' の宣言を確認してください
C:\Users\mm1022\Desktop\bit\10Mouri\3DLv1_vs2019_00\GameProgramming\src\CGame.cpp(137,35): error C3861: 'CharacterManager': 識別子が見つかりませんでした
C:\Users\mm1022\Desktop\bit\10Mouri\3DLv1_vs2019_00\GameProgramming\src\CGame.cpp(146,19): error C2039: 'CharacterManager': 'CApplication' のメンバーではありません
C:\Users\mm1022\Desktop\bit\10Mouri\3DLv1_vs2019_00\GameProgramming\src\CApplication.h(19): message : 'CApplication' の宣言を確認してください
C:\Users\mm1022\Desktop\bit\10Mouri\3DLv1_vs2019_00\GameProgramming\src\CGame.cpp(146,35): error C3861: 'CharacterManager': 識別子が見つかりませんでした
C:\Users\mm1022\Desktop\bit\10Mouri\3DLv1_vs2019_00\GameProgramming\src\CGame.cpp(158,16): error C2039: 'CharacterManager': 'CApplication' のメンバーではありません
C:\Users\mm1022\Desktop\bit\10Mouri\3DLv1_vs2019_00\GameProgramming\src\CApplication.h(19): message : 'CApplication' の宣言を確認してください
C:\Users\mm1022\Desktop\bit\10Mouri\3DLv1_vs2019_00\GameProgramming\src\CGame.cpp(158,32): error C3861: 'CharacterManager': 識別子が見つかりませんでした
C:\Users\mm1022\Desktop\bit\10Mouri\3DLv1_vs2019_00\GameProgramming\src\CGame.cpp(159,16): error C2039: 'CharacterManager': 'CApplication' のメンバーではありません
C:\Users\mm1022\Desktop\bit\10Mouri\3DLv1_vs2019_00\GameProgramming\src\CApplication.h(19): message : 'CApplication' の宣言を確認してください
C:\Users\mm1022\Desktop\bit\10Mouri\3DLv1_vs2019_00\GameProgramming\src\CGame.cpp(159,32): error C3861: 'CharacterManager': 識別子が見つかりませんでした
C:\Users\mm1022\Desktop\bit\10Mouri\3DLv1_vs2019_00\GameProgramming\src\CGame.cpp(160,16): error C2039: 'CharacterManager': 'CApplication' のメンバーではありません
C:\Users\mm1022\Desktop\bit\10Mouri\3DLv1_vs2019_00\GameProgramming\src\CApplication.h(19): message : 'CApplication' の宣言を確認してください
C:\Users\mm1022\Desktop\bit\10Mouri\3DLv1_vs2019_00\GameProgramming\src\CGame.cpp(160,32): error C3861: 'CharacterManager': 識別子が見つかりませんでした
C:\Users\mm1022\Desktop\bit\10Mouri\3DLv1_vs2019_00\GameProgramming\src\CGame.cpp(162,16): error C2039: 'CharacterManager': 'CApplication' のメンバーではありません
C:\Users\mm1022\Desktop\bit\10Mouri\3DLv1_vs2019_00\GameProgramming\src\CApplication.h(19): message : 'CApplication' の宣言を確認してください
C:\Users\mm1022\Desktop\bit\10Mouri\3DLv1_vs2019_00\GameProgramming\src\CGame.cpp(162,32): error C3861: 'CharacterManager': 識別子が見つかりませんでした
  CMaterial.cpp
  CPlayer2.cpp
C:\Users\mm1022\Desktop\bit\10Mouri\3DLv1_vs2019_00\GameProgramming\src\CPlayer2.cpp(12,1): warning C4005: 'VELOCITY': マクロが再定義されました。
C:\Users\mm1022\Desktop\bit\10Mouri\3DLv1_vs2019_00\GameProgramming\src\CCharacter.h(6): message : 'VELOCITY' の以前の定義を確認してください
C:\Users\mm1022\Desktop\bit\10Mouri\3DLv1_vs2019_00\GameProgramming\src\CPlayer2.cpp(27,16): error C2039: 'CharacterManager': 'CApplication' のメンバーではありません
C:\Users\mm1022\Desktop\bit\10Mouri\3DLv1_vs2019_00\GameProgramming\src\CApplication.h(19): message : 'CApplication' の宣言を確認してください
C:\Users\mm1022\Desktop\bit\10Mouri\3DLv1_vs2019_00\GameProgramming\src\CPlayer2.cpp(27,32): error C3861: 'CharacterManager': 識別子が見つかりませんでした
  CPoint.cpp
  main.cpp
  コードを生成中...
