c:\users\mm1022\desktop\bit\10mouri\3dlv1_vs2019_00\gameprogramming\debug\vc142.pdb
c:\users\mm1022\desktop\bit\10mouri\3dlv1_vs2019_00\gameprogramming\debug\vc142.idb
c:\users\mm1022\desktop\bit\10mouri\3dlv1_vs2019_00\gameprogramming\debug\csound.obj
c:\users\mm1022\desktop\bit\10mouri\3dlv1_vs2019_00\gameprogramming\debug\cplayer.obj
c:\users\mm1022\desktop\bit\10mouri\3dlv1_vs2019_00\gameprogramming\debug\cmodelx.obj
c:\users\mm1022\desktop\bit\10mouri\3dlv1_vs2019_00\gameprogramming\debug\cmodel.obj
c:\users\mm1022\desktop\bit\10mouri\3dlv1_vs2019_00\gameprogramming\debug\cmatrix.obj
c:\users\mm1022\desktop\bit\10mouri\3dlv1_vs2019_00\gameprogramming\debug\cmaterial.obj
c:\users\mm1022\desktop\bit\10mouri\3dlv1_vs2019_00\gameprogramming\debug\cfont.obj
c:\users\mm1022\desktop\bit\10mouri\3dlv1_vs2019_00\gameprogramming\debug\cenemy3.obj
c:\users\mm1022\desktop\bit\10mouri\3dlv1_vs2019_00\gameprogramming\debug\cenemy.obj
c:\users\mm1022\desktop\bit\10mouri\3dlv1_vs2019_00\gameprogramming\debug\ceffect.obj
c:\users\mm1022\desktop\bit\10mouri\3dlv1_vs2019_00\gameprogramming\debug\ccollisionmanager.obj
c:\users\mm1022\desktop\bit\10mouri\3dlv1_vs2019_00\gameprogramming\debug\ccollidertriangle.obj
c:\users\mm1022\desktop\bit\10mouri\3dlv1_vs2019_00\gameprogramming\debug\ccollidermesh.obj
c:\users\mm1022\desktop\bit\10mouri\3dlv1_vs2019_00\gameprogramming\debug\ccolliderline.obj
c:\users\mm1022\desktop\bit\10mouri\3dlv1_vs2019_00\gameprogramming\debug\ccollider.obj
c:\users\mm1022\desktop\bit\10mouri\3dlv1_vs2019_00\gameprogramming\debug\ccharacter3.obj
c:\users\mm1022\desktop\bit\10mouri\3dlv1_vs2019_00\gameprogramming\debug\ccamera.obj
c:\users\mm1022\desktop\bit\10mouri\3dlv1_vs2019_00\gameprogramming\debug\cbullet.obj
c:\users\mm1022\desktop\bit\10mouri\3dlv1_vs2019_00\gameprogramming\debug\cbillboard.obj
c:\users\mm1022\desktop\bit\10mouri\3dlv1_vs2019_00\gameprogramming\debug\capplication.obj
c:\users\mm1022\desktop\bit\10mouri\3dlv1_vs2019_00\gameprogramming\debug\main.obj
c:\users\mm1022\desktop\bit\10mouri\3dlv1_vs2019_00\gameprogramming\debug\cxplayer.obj
c:\users\mm1022\desktop\bit\10mouri\3dlv1_vs2019_00\gameprogramming\debug\cxcharacter.obj
c:\users\mm1022\desktop\bit\10mouri\3dlv1_vs2019_00\gameprogramming\debug\gameprogramming.tlog\cl.command.1.tlog
c:\users\mm1022\desktop\bit\10mouri\3dlv1_vs2019_00\gameprogramming\debug\gameprogramming.tlog\cl.read.1.tlog
c:\users\mm1022\desktop\bit\10mouri\3dlv1_vs2019_00\gameprogramming\debug\gameprogramming.tlog\cl.write.1.tlog
